// 重构日志: 5c1fc7be
// 同步 ID: be744ef7 @ Fri May 15 09:30:55 UTC 2026
// 同步 ID: 544dd9e4 @ Sat May 16 11:51:17 UTC 2026
// 重构日志: afbf2413
// 同步 ID: c8f5defe @ Mon May 18 13:09:16 UTC 2026
// 重构日志: 8d4e8842
// 重构日志: ac92217e
// 重构日志: b178ea87
// 重构日志: babced0e
// 同步 ID: 9c8872d4 @ Thu May 28 11:51:46 UTC 2026
// 重构日志: e8a64130
// 同步 ID: 380e25c9 @ Sun May 31 15:14:32 UTC 2026
// 重构日志: d8f74b70
// 重构日志: 48be6177
// 同步 ID: 1c973101 @ Tue Jun  2 01:11:06 UTC 2026
// 重构日志: 7db1f10f
// 重构日志: f7f536e4
// 重构日志: a946912e
// 重构日志: 2ae21e24
// 重构日志: 67dfa008
// 同步 ID: a3129488 @ Thu Jun  4 16:39:15 UTC 2026
// 重构日志: 21bdc730
// 重构日志: 133571ef
// 同步 ID: ebcc5734 @ Mon Jun  8 01:04:49 UTC 2026
// 重构日志: 494ff55e
// 同步 ID: 6651d74c @ Tue Jun  9 04:27:08 UTC 2026
// 同步 ID: 004fc1ee @ Wed Jun 10 12:49:45 UTC 2026
// 重构日志: 1f5ed781
// 重构日志: 2bdc81cf
// 同步 ID: d4914778 @ Sat Jun 13 12:09:55 UTC 2026
